app/build/outputs/logs/manifest-merger-release-report.txt
-- Merging decision tree log ---
manifest
ADDED from src/main/AndroidManifest.xml:2:1-222:12
INJECTED from src/main/AndroidManifest.xml:2:1-222:12
INJECTED from src/main/AndroidManifest.xml:2:1-222:12
INJECTED from src/main/AndroidManifest.xml:2:1-222:12
MERGED from [com.android.support.constraint:constraint-layout:2.0.4] AndroidManifest.xml:2:1-11:12
MERGED from [com.android.support:appcompat-v7:28.0.0] AndroidManifest.xml:17:1-22:12
MERGED from [com.android.support:support-v4:28.0.0] AndroidManifest.xml:17:1-22:12
MERGED from [com.squareup.picasso:picasso:2.71828] AndroidManifest.xml:2:1-14:12
MERGED from [com.android.support:support-fragment:28.0.0] AndroidManifest.xml:17:1-22:12
MERGED from [com.android.support:animated-vector-drawable:28.0.0] AndroidManifest.xml:17:1-22:12
MERGED from [com.android.support:support-core-ui:28.0.0] AndroidManifest.xml:17:1-22:12
MERGED from [com.android.support:support-core-utils:28.0.0] AndroidManifest.xml:17:1-22:12
MERGED from [com.android.support:support-vector-drawable:28.0.0] AndroidManifest.xml:17:1-22:12
MERGED from [com.android.support:support-media-compat:28.0.0] AndroidManifest.xml:17:1-22:12
MERGED from [com.android.support:loader:28.0.0] AndroidManifest.xml:17:1-22:12
MERGED from [com.android.support:viewpager:28.0.0] AndroidManifest.xml:17:1-22:12
MERGED from [com.android.support:coordinatorlayout:28.0.0] AndroidManifest.xml:17:1-22:12
MERGED from [com.android.support:drawerlayout:28.0.0] AndroidManifest.xml:17:1-22:12
MERGED from [com.android.support:slidingpanelayout:28.0.0] AndroidManifest.xml:17:1-22:12
MERGED from [com.android.support:customview:28.0.0] AndroidManifest.xml:17:1-22:12
MERGED from [com.android.support:swiperefreshlayout:28.0.0] AndroidManifest.xml:17:1-22:12
MERGED from [com.android.support:asynclayoutinflater:28.0.0] AndroidManifest.xml:17:1-22:12
MERGED from [com.android.support:support-compat:28.0.0] AndroidManifest.xml:17:1-24:12
MERGED from [com.android.support:versionedparcelable:28.0.0] AndroidManifest.xml:17:1-25:12
MERGED from [com.android.support:cursoradapter:28.0.0] AndroidManifest.xml:17:1-22:12
MERGED from [com.android.support:exifinterface:27.1.0] AndroidManifest.xml:17:1-22:12
MERGED from [android.arch.lifecycle:runtime:1.1.1] AndroidManifest.xml:17:1-22:12
MERGED from [com.android.support:documentfile:28.0.0] AndroidManifest.xml:17:1-22:12
MERGED from [com.android.support:localbroadcastmanager:28.0.0] AndroidManifest.xml:17:1-22:12
MERGED from [com.android.support:print:28.0.0] AndroidManifest.xml:17:1-22:12
MERGED from [android.arch.lifecycle:viewmodel:1.1.1] AndroidManifest.xml:17:1-22:12
MERGED from [com.android.support:interpolator:28.0.0] AndroidManifest.xml:17:1-22:12
MERGED from [android.arch.lifecycle:livedata:1.1.1] AndroidManifest.xml:17:1-22:12
MERGED from [android.arch.lifecycle:livedata-core:1.1.1] AndroidManifest.xml:17:1-22:12
MERGED from [android.arch.core:runtime:1.1.1] AndroidManifest.xml:17:1-22:12
INJECTED from src/main/AndroidManifest.xml:2:1-222:12
INJECTED from src/main/AndroidManifest.xml:2:1-222:12
INJECTED from src/main/AndroidManifest.xml:2:1-222:12
	package
		ADDED from src/main/AndroidManifest.xml:3:5-35
		INJECTED from src/main/AndroidManifest.xml
		INJECTED from src/main/AndroidManifest.xml
	android:versionName
		INJECTED from src/main/AndroidManifest.xml
		ADDED from src/main/AndroidManifest.xml:2:1-222:12
		INJECTED from src/main/AndroidManifest.xml
	android:versionCode
		INJECTED from src/main/AndroidManifest.xml
		ADDED from src/main/AndroidManifest.xml:2:1-222:12
		INJECTED from src/main/AndroidManifest.xml
	xmlns:android
		ADDED from src/main/AndroidManifest.xml:2:11-69
uses-permission#android.permission.INTERNET
ADDED from src/main/AndroidManifest.xml:5:5-67
	android:name
		ADDED from src/main/AndroidManifest.xml:5:22-64
uses-permission#android.permission.WRITE_EXTERNAL_STORAGE
ADDED from src/main/AndroidManifest.xml:6:5-81
	android:name
		ADDED from src/main/AndroidManifest.xml:6:22-78
uses-permission#android.permission.READ_EXTERNAL_STORAGE
ADDED from src/main/AndroidManifest.xml:7:5-80
	android:name
		ADDED from src/main/AndroidManifest.xml:7:22-77
uses-permission#android.permission.ACCESS_COARSE_LOCATION
ADDED from src/main/AndroidManifest.xml:8:5-81
	android:name
		ADDED from src/main/AndroidManifest.xml:8:22-78
uses-permission#android.permission.ACCESS_NETWORK_STATE
ADDED from src/main/AndroidManifest.xml:9:5-79
	android:name
		ADDED from src/main/AndroidManifest.xml:9:22-76
uses-permission#android.permission.ACCESS_FINE_LOCATION
ADDED from src/main/AndroidManifest.xml:10:5-79
	android:name
		ADDED from src/main/AndroidManifest.xml:10:22-76
uses-permission#android.permission.READ_PHONE_STATE
ADDED from src/main/AndroidManifest.xml:11:5-75
	android:name
		ADDED from src/main/AndroidManifest.xml:11:22-72
uses-permission#android.permission.CHANGE_WIFI_STATE
ADDED from src/main/AndroidManifest.xml:12:5-76
	android:name
		ADDED from src/main/AndroidManifest.xml:12:22-73
uses-permission#android.permission.ACCESS_WIFI_STATE
ADDED from src/main/AndroidManifest.xml:13:5-76
	android:name
		ADDED from src/main/AndroidManifest.xml:13:22-73
uses-permission#android.permission.WAKE_LOCK
ADDED from src/main/AndroidManifest.xml:14:5-68
	android:name
		ADDED from src/main/AndroidManifest.xml:14:22-65
uses-permission#android.permission.CHANGE_NETWORK_STATE
ADDED from src/main/AndroidManifest.xml:15:5-79
	android:name
		ADDED from src/main/AndroidManifest.xml:15:22-76
uses-permission#android.permission.VIBRATE
ADDED from src/main/AndroidManifest.xml:16:2-63
	android:name
		ADDED from src/main/AndroidManifest.xml:16:19-60
uses-permission#android.permission.CAMERA
ADDED from src/main/AndroidManifest.xml:17:5-65
	android:name
		ADDED from src/main/AndroidManifest.xml:17:22-62
uses-permission#android.permission.REQUEST_INSTALL_PACKAGES
ADDED from src/main/AndroidManifest.xml:19:5-83
	android:name
		ADDED from src/main/AndroidManifest.xml:19:22-80
uses-feature#android.hardware.camera
ADDED from src/main/AndroidManifest.xml:20:5-60
	android:name
		ADDED from src/main/AndroidManifest.xml:20:19-57
uses-feature#android.hardware.camera.autofocus
ADDED from src/main/AndroidManifest.xml:21:5-70
	android:name
		ADDED from src/main/AndroidManifest.xml:21:19-67
application
ADDED from src/main/AndroidManifest.xml:23:5-220:19
MERGED from [com.android.support.constraint:constraint-layout:2.0.4] AndroidManifest.xml:9:5-20
MERGED from [com.android.support.constraint:constraint-layout:2.0.4] AndroidManifest.xml:9:5-20
MERGED from [com.squareup.picasso:picasso:2.71828] AndroidManifest.xml:7:5-12:19
MERGED from [com.squareup.picasso:picasso:2.71828] AndroidManifest.xml:7:5-12:19
MERGED from [com.android.support:support-compat:28.0.0] AndroidManifest.xml:22:5-94
MERGED from [com.android.support:support-compat:28.0.0] AndroidManifest.xml:22:5-94
MERGED from [com.android.support:versionedparcelable:28.0.0] AndroidManifest.xml:22:5-23:19
MERGED from [com.android.support:versionedparcelable:28.0.0] AndroidManifest.xml:22:5-23:19
	android:appComponentFactory
		ADDED from [com.android.support:support-compat:28.0.0] AndroidManifest.xml:22:18-91
	android:label
		ADDED from src/main/AndroidManifest.xml:27:9-41
	android:icon
		ADDED from src/main/AndroidManifest.xml:26:9-45
	android:allowBackup
		ADDED from src/main/AndroidManifest.xml:25:9-35
	android:theme
		ADDED from src/main/AndroidManifest.xml:30:9-40
	android:networkSecurityConfig
		ADDED from src/main/AndroidManifest.xml:29:9-69
	android:usesCleartextTraffic
		ADDED from src/main/AndroidManifest.xml:28:9-44
	android:name
		ADDED from src/main/AndroidManifest.xml:24:9-65
uses-library#org.apache.http.legacy
ADDED from src/main/AndroidManifest.xml:33:9-35:40
	android:required
		ADDED from src/main/AndroidManifest.xml:35:13-37
	android:name
		ADDED from src/main/AndroidManifest.xml:34:13-50
receiver#com.cxwl.weather.eye.utils.AutoUpdateBroadcastReceiver
ADDED from src/main/AndroidManifest.xml:38:9-43:20
	android:name
		ADDED from src/main/AndroidManifest.xml:38:19-88
intent-filter#action:name:android.intent.action.DOWNLOAD_COMPLETE+action:name:android.intent.action.PACKAGE_INSTALL
ADDED from src/main/AndroidManifest.xml:39:13-42:29
action#android.intent.action.DOWNLOAD_COMPLETE
ADDED from src/main/AndroidManifest.xml:40:17-82
	android:name
		ADDED from src/main/AndroidManifest.xml:40:25-79
action#android.intent.action.PACKAGE_INSTALL
ADDED from src/main/AndroidManifest.xml:41:17-80
	android:name
		ADDED from src/main/AndroidManifest.xml:41:25-77
service#com.amap.api.location.APSService
ADDED from src/main/AndroidManifest.xml:46:9-68
	android:name
		ADDED from src/main/AndroidManifest.xml:46:18-65
meta-data#com.amap.api.v2.apikey
ADDED from src/main/AndroidManifest.xml:49:9-51:64
	android:value
		ADDED from src/main/AndroidManifest.xml:51:13-61
	android:name
		ADDED from src/main/AndroidManifest.xml:50:13-50
activity#com.cxwl.weather.eye.activity.ActivityWelcome
ADDED from src/main/AndroidManifest.xml:53:9-60:20
	android:screenOrientation
		ADDED from src/main/AndroidManifest.xml:55:13-49
	android:name
		ADDED from src/main/AndroidManifest.xml:54:13-73
intent-filter#action:name:android.intent.action.MAIN+category:name:android.intent.category.LAUNCHER
ADDED from src/main/AndroidManifest.xml:56:13-59:29
action#android.intent.action.MAIN
ADDED from src/main/AndroidManifest.xml:57:17-69
	android:name
		ADDED from src/main/AndroidManifest.xml:57:25-66
category#android.intent.category.LAUNCHER
ADDED from src/main/AndroidManifest.xml:58:17-77
	android:name
		ADDED from src/main/AndroidManifest.xml:58:27-74
activity#com.cxwl.weather.eye.activity.ActivityLogin
ADDED from src/main/AndroidManifest.xml:62:9-64:52
	android:screenOrientation
		ADDED from src/main/AndroidManifest.xml:64:13-49
	android:name
		ADDED from src/main/AndroidManifest.xml:63:13-71
activity#com.cxwl.weather.eye.activity.ShawnRegisterActivity
ADDED from src/main/AndroidManifest.xml:66:9-68:52
	android:screenOrientation
		ADDED from src/main/AndroidManifest.xml:68:13-49
	android:name
		ADDED from src/main/AndroidManifest.xml:67:13-79
activity#com.cxwl.weather.eye.activity.ShawnModifyPwdActivity
ADDED from src/main/AndroidManifest.xml:70:9-72:52
	android:screenOrientation
		ADDED from src/main/AndroidManifest.xml:72:13-49
	android:name
		ADDED from src/main/AndroidManifest.xml:71:13-80
activity#com.cxwl.weather.eye.activity.ActivityMain
ADDED from src/main/AndroidManifest.xml:74:9-77:46
	android:screenOrientation
		ADDED from src/main/AndroidManifest.xml:76:13-49
	android:launchMode
		ADDED from src/main/AndroidManifest.xml:77:13-44
	android:name
		ADDED from src/main/AndroidManifest.xml:75:13-70
activity#com.cxwl.weather.eye.activity.VideoListActivity
ADDED from src/main/AndroidManifest.xml:79:9-81:52
	android:screenOrientation
		ADDED from src/main/AndroidManifest.xml:81:13-49
	android:name
		ADDED from src/main/AndroidManifest.xml:80:13-75
activity#com.cxwl.weather.eye.activity.ActivityVideoDetail
ADDED from src/main/AndroidManifest.xml:83:9-87:58
	android:screenOrientation
		ADDED from src/main/AndroidManifest.xml:85:13-49
	android:windowSoftInputMode
		ADDED from src/main/AndroidManifest.xml:87:13-55
	android:configChanges
		ADDED from src/main/AndroidManifest.xml:86:13-83
	android:name
		ADDED from src/main/AndroidManifest.xml:84:13-77
activity#com.cxwl.weather.eye.activity.ActivityVideoSetting
ADDED from src/main/AndroidManifest.xml:89:9-93:58
	android:screenOrientation
		ADDED from src/main/AndroidManifest.xml:91:13-49
	android:windowSoftInputMode
		ADDED from src/main/AndroidManifest.xml:93:13-55
	android:configChanges
		ADDED from src/main/AndroidManifest.xml:92:13-83
	android:name
		ADDED from src/main/AndroidManifest.xml:90:13-78
activity#com.cxwl.weather.eye.activity.ActivityPictureWall
ADDED from src/main/AndroidManifest.xml:95:9-99:58
	android:screenOrientation
		ADDED from src/main/AndroidManifest.xml:97:13-49
	android:windowSoftInputMode
		ADDED from src/main/AndroidManifest.xml:99:13-55
	android:configChanges
		ADDED from src/main/AndroidManifest.xml:98:13-83
	android:name
		ADDED from src/main/AndroidManifest.xml:96:13-77
activity#com.cxwl.weather.eye.activity.ShawnSettingActivity
ADDED from src/main/AndroidManifest.xml:101:9-103:52
	android:screenOrientation
		ADDED from src/main/AndroidManifest.xml:103:13-49
	android:name
		ADDED from src/main/AndroidManifest.xml:102:13-78
activity#com.cxwl.weather.eye.activity.ActivityAbout
ADDED from src/main/AndroidManifest.xml:105:9-107:52
	android:screenOrientation
		ADDED from src/main/AndroidManifest.xml:107:13-49
	android:name
		ADDED from src/main/AndroidManifest.xml:106:13-71
activity#com.cxwl.weather.eye.activity.ShawnFacilityActivity
ADDED from src/main/AndroidManifest.xml:109:9-111:52
	android:screenOrientation
		ADDED from src/main/AndroidManifest.xml:111:13-49
	android:name
		ADDED from src/main/AndroidManifest.xml:110:13-79
activity#com.cxwl.weather.eye.activity.ShawnUserinfoActivity
ADDED from src/main/AndroidManifest.xml:113:9-115:52
	android:screenOrientation
		ADDED from src/main/AndroidManifest.xml:115:13-49
	android:name
		ADDED from src/main/AndroidManifest.xml:114:13-79
activity#com.cxwl.weather.eye.activity.ShawnModifyUserinfoActivity
ADDED from src/main/AndroidManifest.xml:117:9-119:52
	android:screenOrientation
		ADDED from src/main/AndroidManifest.xml:119:13-49
	android:name
		ADDED from src/main/AndroidManifest.xml:118:13-85
activity#com.cxwl.weather.eye.activity.ZXingActivity
ADDED from src/main/AndroidManifest.xml:121:9-123:52
	android:screenOrientation
		ADDED from src/main/AndroidManifest.xml:123:13-49
	android:name
		ADDED from src/main/AndroidManifest.xml:122:13-71
activity#com.cxwl.weather.eye.activity.WriteParametersActivity
ADDED from src/main/AndroidManifest.xml:125:9-127:52
	android:screenOrientation
		ADDED from src/main/AndroidManifest.xml:127:13-49
	android:name
		ADDED from src/main/AndroidManifest.xml:126:13-81
activity#com.cxwl.weather.eye.activity.ReadParametersActivity
ADDED from src/main/AndroidManifest.xml:129:9-131:52
	android:screenOrientation
		ADDED from src/main/AndroidManifest.xml:131:13-49
	android:name
		ADDED from src/main/AndroidManifest.xml:130:13-80
activity#com.cxwl.weather.eye.activity.SelectWeatherActivity
ADDED from src/main/AndroidManifest.xml:133:9-135:52
	android:screenOrientation
		ADDED from src/main/AndroidManifest.xml:135:13-49
	android:name
		ADDED from src/main/AndroidManifest.xml:134:13-79
activity#com.cxwl.weather.eye.activity.ActivityMsgType
ADDED from src/main/AndroidManifest.xml:137:9-139:52
	android:screenOrientation
		ADDED from src/main/AndroidManifest.xml:139:13-49
	android:name
		ADDED from src/main/AndroidManifest.xml:138:13-73
activity#com.cxwl.weather.eye.activity.ShawnCityActivity
ADDED from src/main/AndroidManifest.xml:141:9-143:52
	android:screenOrientation
		ADDED from src/main/AndroidManifest.xml:143:13-49
	android:name
		ADDED from src/main/AndroidManifest.xml:142:13-75
activity#com.cxwl.weather.eye.activity.ShawnForecastActivity
ADDED from src/main/AndroidManifest.xml:145:9-147:52
	android:screenOrientation
		ADDED from src/main/AndroidManifest.xml:147:13-49
	android:name
		ADDED from src/main/AndroidManifest.xml:146:13-79
activity#com.cxwl.weather.eye.activity.ShawnDelayActivity
ADDED from src/main/AndroidManifest.xml:149:9-153:58
	android:screenOrientation
		ADDED from src/main/AndroidManifest.xml:151:13-49
	android:windowSoftInputMode
		ADDED from src/main/AndroidManifest.xml:153:13-55
	android:configChanges
		ADDED from src/main/AndroidManifest.xml:152:13-83
	android:name
		ADDED from src/main/AndroidManifest.xml:150:13-76
activity#com.cxwl.weather.eye.activity.ActivityVideoPreview
ADDED from src/main/AndroidManifest.xml:155:9-159:58
	android:screenOrientation
		ADDED from src/main/AndroidManifest.xml:157:13-49
	android:windowSoftInputMode
		ADDED from src/main/AndroidManifest.xml:159:13-55
	android:configChanges
		ADDED from src/main/AndroidManifest.xml:158:13-83
	android:name
		ADDED from src/main/AndroidManifest.xml:156:13-78
activity#com.cxwl.weather.eye.activity.ShawnForgetPwdActivity
ADDED from src/main/AndroidManifest.xml:161:9-163:52
	android:screenOrientation
		ADDED from src/main/AndroidManifest.xml:163:13-49
	android:name
		ADDED from src/main/AndroidManifest.xml:162:13-80
activity#com.cxwl.weather.eye.activity.ShawnFindPwdActivity
ADDED from src/main/AndroidManifest.xml:165:9-167:52
	android:screenOrientation
		ADDED from src/main/AndroidManifest.xml:167:13-49
	android:name
		ADDED from src/main/AndroidManifest.xml:166:13-78
activity#com.cxwl.weather.eye.activity.ActivityDeviceList
ADDED from src/main/AndroidManifest.xml:169:9-171:52
	android:screenOrientation
		ADDED from src/main/AndroidManifest.xml:171:13-49
	android:name
		ADDED from src/main/AndroidManifest.xml:170:13-76
activity#com.cxwl.weather.eye.activity.ActivityCalendarVideo
ADDED from src/main/AndroidManifest.xml:173:9-175:52
	android:screenOrientation
		ADDED from src/main/AndroidManifest.xml:175:13-49
	android:name
		ADDED from src/main/AndroidManifest.xml:174:13-79
activity#com.cxwl.weather.eye.activity.ActivityHandbook
ADDED from src/main/AndroidManifest.xml:177:9-179:52
	android:screenOrientation
		ADDED from src/main/AndroidManifest.xml:179:13-49
	android:name
		ADDED from src/main/AndroidManifest.xml:178:13-74
activity#com.cxwl.weather.eye.activity.ActivityFeedback
ADDED from src/main/AndroidManifest.xml:181:9-183:52
	android:screenOrientation
		ADDED from src/main/AndroidManifest.xml:183:13-49
	android:name
		ADDED from src/main/AndroidManifest.xml:182:13-74
activity#com.cxwl.weather.eye.activity.ActivitySelectPicture
ADDED from src/main/AndroidManifest.xml:185:9-187:52
	android:screenOrientation
		ADDED from src/main/AndroidManifest.xml:187:13-49
	android:name
		ADDED from src/main/AndroidManifest.xml:186:13-79
activity#com.cxwl.weather.eye.activity.ActivityDisplayPicture
ADDED from src/main/AndroidManifest.xml:189:9-191:52
	android:screenOrientation
		ADDED from src/main/AndroidManifest.xml:191:13-49
	android:name
		ADDED from src/main/AndroidManifest.xml:190:13-80
activity#com.tencent.tauth.AuthActivity
ADDED from src/main/AndroidManifest.xml:195:9-207:20
	android:launchMode
		ADDED from src/main/AndroidManifest.xml:197:13-44
	android:noHistory
		ADDED from src/main/AndroidManifest.xml:198:13-37
	android:name
		ADDED from src/main/AndroidManifest.xml:196:13-58
intent-filter#action:name:android.intent.action.VIEW+category:name:android.intent.category.BROWSABLE+category:name:android.intent.category.DEFAULT+data:scheme:tencent1108069568
ADDED from src/main/AndroidManifest.xml:199:13-206:29
action#android.intent.action.VIEW
ADDED from src/main/AndroidManifest.xml:200:17-69
	android:name
		ADDED from src/main/AndroidManifest.xml:200:25-66
category#android.intent.category.DEFAULT
ADDED from src/main/AndroidManifest.xml:202:17-76
	android:name
		ADDED from src/main/AndroidManifest.xml:202:27-73
category#android.intent.category.BROWSABLE
ADDED from src/main/AndroidManifest.xml:203:17-78
	android:name
		ADDED from src/main/AndroidManifest.xml:203:27-75
data
ADDED from src/main/AndroidManifest.xml:205:17-60
	android:scheme
		ADDED from src/main/AndroidManifest.xml:205:23-57
activity#com.tencent.connect.common.AssistActivity
ADDED from src/main/AndroidManifest.xml:208:9-211:76
	android:configChanges
		ADDED from src/main/AndroidManifest.xml:211:13-74
	android:theme
		ADDED from src/main/AndroidManifest.xml:210:13-72
	android:name
		ADDED from src/main/AndroidManifest.xml:209:13-69
activity#com.cxwl.weather.eye.shijing.wxapi.WXEntryActivity
ADDED from src/main/AndroidManifest.xml:213:9-217:75
	android:exported
		ADDED from src/main/AndroidManifest.xml:216:13-36
	android:configChanges
		ADDED from src/main/AndroidManifest.xml:215:13-74
	android:theme
		ADDED from src/main/AndroidManifest.xml:217:13-72
	android:name
		ADDED from src/main/AndroidManifest.xml:214:13-58
uses-sdk
INJECTED from src/main/AndroidManifest.xml reason: use-sdk injection requested
INJECTED from src/main/AndroidManifest.xml
INJECTED from src/main/AndroidManifest.xml
MERGED from [com.android.support.constraint:constraint-layout:2.0.4] AndroidManifest.xml:5:5-7:41
MERGED from [com.android.support.constraint:constraint-layout:2.0.4] AndroidManifest.xml:5:5-7:41
MERGED from [com.android.support:appcompat-v7:28.0.0] AndroidManifest.xml:20:5-44
MERGED from [com.android.support:appcompat-v7:28.0.0] AndroidManifest.xml:20:5-44
MERGED from [com.android.support:support-v4:28.0.0] AndroidManifest.xml:20:5-44
MERGED from [com.android.support:support-v4:28.0.0] AndroidManifest.xml:20:5-44
MERGED from [com.squareup.picasso:picasso:2.71828] AndroidManifest.xml:5:5-44
MERGED from [com.squareup.picasso:picasso:2.71828] AndroidManifest.xml:5:5-44
MERGED from [com.android.support:support-fragment:28.0.0] AndroidManifest.xml:20:5-44
MERGED from [com.android.support:support-fragment:28.0.0] AndroidManifest.xml:20:5-44
MERGED from [com.android.support:animated-vector-drawable:28.0.0] AndroidManifest.xml:20:5-44
MERGED from [com.android.support:animated-vector-drawable:28.0.0] AndroidManifest.xml:20:5-44
MERGED from [com.android.support:support-core-ui:28.0.0] AndroidManifest.xml:20:5-44
MERGED from [com.android.support:support-core-ui:28.0.0] AndroidManifest.xml:20:5-44
MERGED from [com.android.support:support-core-utils:28.0.0] AndroidManifest.xml:20:5-44
MERGED from [com.android.support:support-core-utils:28.0.0] AndroidManifest.xml:20:5-44
MERGED from [com.android.support:support-vector-drawable:28.0.0] AndroidManifest.xml:20:5-44
MERGED from [com.android.support:support-vector-drawable:28.0.0] AndroidManifest.xml:20:5-44
MERGED from [com.android.support:support-media-compat:28.0.0] AndroidManifest.xml:20:5-44
MERGED from [com.android.support:support-media-compat:28.0.0] AndroidManifest.xml:20:5-44
MERGED from [com.android.support:loader:28.0.0] AndroidManifest.xml:20:5-44
MERGED from [com.android.support:loader:28.0.0] AndroidManifest.xml:20:5-44
MERGED from [com.android.support:viewpager:28.0.0] AndroidManifest.xml:20:5-44
MERGED from [com.android.support:viewpager:28.0.0] AndroidManifest.xml:20:5-44
MERGED from [com.android.support:coordinatorlayout:28.0.0] AndroidManifest.xml:20:5-44
MERGED from [com.android.support:coordinatorlayout:28.0.0] AndroidManifest.xml:20:5-44
MERGED from [com.android.support:drawerlayout:28.0.0] AndroidManifest.xml:20:5-44
MERGED from [com.android.support:drawerlayout:28.0.0] AndroidManifest.xml:20:5-44
MERGED from [com.android.support:slidingpanelayout:28.0.0] AndroidManifest.xml:20:5-44
MERGED from [com.android.support:slidingpanelayout:28.0.0] AndroidManifest.xml:20:5-44
MERGED from [com.android.support:customview:28.0.0] AndroidManifest.xml:20:5-44
MERGED from [com.android.support:customview:28.0.0] AndroidManifest.xml:20:5-44
MERGED from [com.android.support:swiperefreshlayout:28.0.0] AndroidManifest.xml:20:5-44
MERGED from [com.android.support:swiperefreshlayout:28.0.0] AndroidManifest.xml:20:5-44
MERGED from [com.android.support:asynclayoutinflater:28.0.0] AndroidManifest.xml:20:5-44
MERGED from [com.android.support:asynclayoutinflater:28.0.0] AndroidManifest.xml:20:5-44
MERGED from [com.android.support:support-compat:28.0.0] AndroidManifest.xml:20:5-44
MERGED from [com.android.support:support-compat:28.0.0] AndroidManifest.xml:20:5-44
MERGED from [com.android.support:versionedparcelable:28.0.0] AndroidManifest.xml:20:5-44
MERGED from [com.android.support:versionedparcelable:28.0.0] AndroidManifest.xml:20:5-44
MERGED from [com.android.support:cursoradapter:28.0.0] AndroidManifest.xml:20:5-44
MERGED from [com.android.support:cursoradapter:28.0.0] AndroidManifest.xml:20:5-44
MERGED from [com.android.support:exifinterface:27.1.0] AndroidManifest.xml:20:5-44
MERGED from [com.android.support:exifinterface:27.1.0] AndroidManifest.xml:20:5-44
MERGED from [android.arch.lifecycle:runtime:1.1.1] AndroidManifest.xml:20:5-44
MERGED from [android.arch.lifecycle:runtime:1.1.1] AndroidManifest.xml:20:5-44
MERGED from [com.android.support:documentfile:28.0.0] AndroidManifest.xml:20:5-44
MERGED from [com.android.support:documentfile:28.0.0] AndroidManifest.xml:20:5-44
MERGED from [com.android.support:localbroadcastmanager:28.0.0] AndroidManifest.xml:20:5-44
MERGED from [com.android.support:localbroadcastmanager:28.0.0] AndroidManifest.xml:20:5-44
MERGED from [com.android.support:print:28.0.0] AndroidManifest.xml:20:5-44
MERGED from [com.android.support:print:28.0.0] AndroidManifest.xml:20:5-44
MERGED from [android.arch.lifecycle:viewmodel:1.1.1] AndroidManifest.xml:20:5-44
MERGED from [android.arch.lifecycle:viewmodel:1.1.1] AndroidManifest.xml:20:5-44
MERGED from [com.android.support:interpolator:28.0.0] AndroidManifest.xml:20:5-44
MERGED from [com.android.support:interpolator:28.0.0] AndroidManifest.xml:20:5-44
MERGED from [android.arch.lifecycle:livedata:1.1.1] AndroidManifest.xml:20:5-44
MERGED from [android.arch.lifecycle:livedata:1.1.1] AndroidManifest.xml:20:5-44
MERGED from [android.arch.lifecycle:livedata-core:1.1.1] AndroidManifest.xml:20:5-44
MERGED from [android.arch.lifecycle:livedata-core:1.1.1] AndroidManifest.xml:20:5-44
MERGED from [android.arch.core:runtime:1.1.1] AndroidManifest.xml:20:5-44
MERGED from [android.arch.core:runtime:1.1.1] AndroidManifest.xml:20:5-44
INJECTED from src/main/AndroidManifest.xml
INJECTED from src/main/AndroidManifest.xml
	android:targetSdkVersion
		INJECTED from src/main/AndroidManifest.xml
		ADDED from src/main/AndroidManifest.xml
		INJECTED from src/main/AndroidManifest.xml
	android:minSdkVersion
		INJECTED from src/main/AndroidManifest.xml
		ADDED from src/main/AndroidManifest.xml
		INJECTED from src/main/AndroidManifest.xml
provider#com.squareup.picasso.PicassoProvider
ADDED from [com.squareup.picasso:picasso:2.71828] AndroidManifest.xml:8:9-11:40
	android:authorities
		ADDED from [com.squareup.picasso:picasso:2.71828] AndroidManifest.xml:10:13-72
	android:exported
		ADDED from [com.squareup.picasso:picasso:2.71828] AndroidManifest.xml:11:13-37
	android:name
		ADDED from [com.squareup.picasso:picasso:2.71828] AndroidManifest.xml:9:13-64